
Listening on http://127.0.0.1:37109
Loading required package: ggplot2

Attaching package: ‘plotly’

The following object is masked from ‘package:ggplot2’:

    last_plot

The following object is masked from ‘package:stats’:

    filter

The following object is masked from ‘package:graphics’:

    layout


Attaching package: ‘gplots’

The following object is masked from ‘package:stats’:

    lowess


Attaching package: ‘DT’

The following objects are masked from ‘package:shiny’:

    dataTableOutput, renderDataTable

Loading required package: limma
Loading required package: S4Vectors
Loading required package: stats4
Loading required package: BiocGenerics
Loading required package: parallel

Attaching package: ‘BiocGenerics’

The following objects are masked from ‘package:parallel’:

    clusterApply, clusterApplyLB, clusterCall, clusterEvalQ,
    clusterExport, clusterMap, parApply, parCapply, parLapply,
    parLapplyLB, parRapply, parSapply, parSapplyLB

The following object is masked from ‘package:limma’:

    plotMA

The following objects are masked from ‘package:stats’:

    IQR, mad, sd, var, xtabs

The following objects are masked from ‘package:base’:

    anyDuplicated, append, as.data.frame, basename, cbind, colMeans,
    colnames, colSums, dirname, do.call, duplicated, eval, evalq,
    Filter, Find, get, grep, grepl, intersect, is.unsorted, lapply,
    lengths, Map, mapply, match, mget, order, paste, pmax, pmax.int,
    pmin, pmin.int, Position, rank, rbind, Reduce, rowMeans, rownames,
    rowSums, sapply, setdiff, sort, table, tapply, union, unique,
    unsplit, which, which.max, which.min


Attaching package: ‘S4Vectors’

The following object is masked from ‘package:gplots’:

    space

The following object is masked from ‘package:plotly’:

    rename

The following object is masked from ‘package:base’:

    expand.grid

Loading required package: IRanges

Attaching package: ‘IRanges’

The following object is masked from ‘package:plotly’:

    slice

Loading required package: GenomicRanges
Loading required package: GenomeInfoDb
Loading required package: SummarizedExperiment
Loading required package: Biobase
Welcome to Bioconductor

    Vignettes contain introductory material; view with
    'browseVignettes()'. To cite Bioconductor, see
    'citation("Biobase")', and for packages 'citation("pkgname")'.

Loading required package: DelayedArray
Loading required package: matrixStats

Attaching package: ‘matrixStats’

The following objects are masked from ‘package:Biobase’:

    anyMissing, rowMedians

Loading required package: BiocParallel

Attaching package: ‘DelayedArray’

The following objects are masked from ‘package:matrixStats’:

    colMaxs, colMins, colRanges, rowMaxs, rowMins, rowRanges

The following objects are masked from ‘package:base’:

    aperm, apply

converting counts to integer mode
converting counts to integer mode
estimating size factors
estimating dispersions
gene-wise dispersion estimates
mean-dispersion relationship
final dispersion estimates
fitting model and testing
Loading required package: Rcpp
Warning in fgsea(pathways = gmt, stats = fold, minSize = input$minSetSize,  :
  There are ties in the preranked stats (0.18% of the list).
The order of those tied genes will be arbitrary, which may produce unexpected results.
Warning: Error in : 'bplapply' receive data failed:
  error reading from connection
  152: <Anonymous>
Warning: Error in : 'bplapply' receive data failed:
  error reading from connection
  99: <Anonymous>
Warning: Error in : 'bplapply' receive data failed:
  error reading from connection
  187: <Anonymous>
Warning in eval(quote(list(...)), env) : NAs introduced by coercion
Warning in eval(expr, env) : NAs introduced by coercion
